Will use local index.
Will use local index.
Will use local index.
Will use local index.
Will use local index.
Will use local index.
Will use local index.
Will use local index.
Will use local index.
Will use local index.
Will use local index.
Will use local index.
Will use local index.
Will use local index.
Will use local index.
Will use local index.
Will use local index.
using index in /Users/apple/Desktop/enginey/EngineY/index/development/bingli
[bingli] rebuild index with models: []
[bingli] reopening index at /Users/apple/Desktop/enginey/EngineY/index/development/bingli
[bingli] register class Bingli with index bingli
[bingli] default field list for index bingli: [:yibanqingkuang, :zhuyaozhengzhuang, :jiwang, :zhusu, :final, :xianbingshi, :tigejiancha]
[bingli] register class Bingli with index bingli
[bingli] refusing re-registration of class Bingli
[bingli] register class Bingli with index bingli
[bingli] refusing re-registration of class Bingli
[bingli] register class Bingli with index bingli
[bingli] refusing re-registration of class Bingli
[bingli] register class Bingli with index bingli
[bingli] refusing re-registration of class Bingli
[bingli] register class Bingli with index bingli
[bingli] refusing re-registration of class Bingli
Will use local index.
Will use local index.
Will use local index.
Will use local index.
Will use local index.
Will use local index.
Will use local index.
using index in /Users/apple/Desktop/enginey/EngineY/index/development/bingli
[bingli] register class Bingli with index bingli
[bingli] default field list for index bingli: [:zhusu, :xianbingshi, :final, :jiwang, :yibanqingkuang, :tigejiancha, :zhuyaozhengzhuang]
Will use local index.
[bingli] register class Bingli with index bingli
[bingli] refusing re-registration of class Bingli
[bingli] register class Bingli with index bingli
[bingli] refusing re-registration of class Bingli
[bingli] register class Bingli with index bingli
[bingli] refusing re-registration of class Bingli
[bingli] register class Bingli with index bingli
[bingli] refusing re-registration of class Bingli
[bingli] register class Bingli with index bingli
[bingli] refusing re-registration of class Bingli
[bingli] register class Bingli with index bingli
[bingli] refusing re-registration of class Bingli
[bingli] register class Bingli with index bingli
[bingli] refusing re-registration of class Bingli
[bingli] register class Bingli with index bingli
[bingli] refusing re-registration of class Bingli
[bingli] register class Bingli with index bingli
[bingli] refusing re-registration of class Bingli
