  [4;36;1mSQL (0.1ms)[0m   [0;1mSET SQL_AUTO_IS_NULL=0[0m


Processing SessionsController#destroy (for 127.0.0.1 at 2010-03-28 23:40:05) [GET]
  [4;35;1mTheme Load (0.2ms)[0m   [0mSELECT * FROM `themes` LIMIT 1[0m
  [4;36;1mNetwork Load (0.2ms)[0m   [0;1mSELECT * FROM `networks` LIMIT 1[0m
Redirected to http://localhost:4040/
Completed in 9ms (DB: 1) | 302 Found [http://localhost/logout]
  [4;35;1mSQL (0.1ms)[0m   [0mSET SQL_AUTO_IS_NULL=0[0m


Processing HomeController#index (for 127.0.0.1 at 2010-03-28 23:40:05) [GET]
  [4;36;1mTheme Load (0.2ms)[0m   [0;1mSELECT * FROM `themes` LIMIT 1[0m
  [4;35;1mNetwork Load (0.2ms)[0m   [0mSELECT * FROM `networks` LIMIT 1[0m
  [4;36;1mCACHE (0.0ms)[0m   [0;1mSELECT * FROM `networks` LIMIT 1[0m
  [4;35;1mPhoto Load (0.3ms)[0m   [0mSELECT id, parent_id, filename FROM `photos` WHERE (`photos`.`is_profile` IS NULL AND `photos`.`thumbnail` IS NULL) ORDER BY RAND() LIMIT 6[0m
Rendering template within layouts/application
Rendering home/index
  [4;36;1mPhoto Columns (1.3ms)[0m   [0;1mSHOW FIELDS FROM `photos`[0m
  [4;35;1mNetwork Columns (1.0ms)[0m   [0mSHOW FIELDS FROM `networks`[0m
  [4;36;1mUser Columns (4.6ms)[0m   [0;1mSHOW FIELDS FROM `users`[0m
  [4;35;1mUser Load (0.4ms)[0m   [0mSELECT * FROM `users` WHERE (`users`.`remember_token` = '') LIMIT 1[0m
Rendered shared/_network_info_widget (10.5ms)
  [4;36;1mCACHE (0.0ms)[0m   [0;1mSELECT * FROM `users` WHERE (`users`.`remember_token` = '') LIMIT 1[0m
Rendered users/_user_control_widget (4.0ms)
  [4;35;1mPage Columns (1.1ms)[0m   [0mSHOW FIELDS FROM `pages`[0m
  [4;36;1mPage Load (0.2ms)[0m   [0;1mSELECT * FROM `pages` WHERE (`pages`.`title` = 'home') LIMIT 1[0m
  [4;35;1mWidgetLayout Load (0.3ms)[0m   [0mSELECT * FROM `widget_layouts` WHERE (`widget_layouts`.page_id = 1) [0m
  [4;36;1mWidgetLayout Columns (1.0ms)[0m   [0;1mSHOW FIELDS FROM `widget_layouts`[0m
  [4;35;1mWidget Columns (1.1ms)[0m   [0mSHOW FIELDS FROM `widgets`[0m
  [4;36;1mWidget Load (0.2ms)[0m   [0;1mSELECT * FROM `widgets` WHERE (`widgets`.`id` = 1) [0m
  [4;35;1mWidget Load (0.2ms)[0m   [0mSELECT * FROM `widgets` WHERE (`widgets`.`id` = 2) [0m
  [4;36;1mWidget Load (0.1ms)[0m   [0;1mSELECT * FROM `widgets` WHERE (`widgets`.`id` = 3) [0m
  [4;35;1mWidget Load (0.1ms)[0m   [0mSELECT * FROM `widgets` WHERE (`widgets`.`id` = 4) [0m
  [4;36;1mWidget Load (0.1ms)[0m   [0;1mSELECT * FROM `widgets` WHERE (`widgets`.`id` = 5) [0m
  [4;35;1mWidget Load (0.1ms)[0m   [0mSELECT * FROM `widgets` WHERE (`widgets`.`id` = 6) [0m
  [4;36;1mWidget Load (0.1ms)[0m   [0;1mSELECT * FROM `widgets` WHERE (`widgets`.`id` = 7) [0m
  [4;35;1mWidget Load (0.1ms)[0m   [0mSELECT * FROM `widgets` WHERE (`widgets`.`id` = 8) [0m
  [4;36;1mWidget Load (0.2ms)[0m   [0;1mSELECT * FROM `widgets` WHERE (`widgets`.`id` = 9) [0m
  [4;35;1mWidget Load (0.6ms)[0m   [0mSELECT * FROM `widgets` WHERE (`widgets`.`id` = 10) [0m
  [4;36;1mWidget Load (0.2ms)[0m   [0;1mSELECT * FROM `widgets` WHERE (`widgets`.`id` = 11) [0m
  [4;35;1mWidget Load (0.1ms)[0m   [0mSELECT * FROM `widgets` WHERE (`widgets`.`id` = 12) [0m
Rendered layouts/_widgets (112.1ms)
  [4;36;1mCACHE (0.0ms)[0m   [0;1mSELECT * FROM `users` WHERE (`users`.`remember_token` = '') LIMIT 1[0m
  [4;35;1mCACHE (0.0ms)[0m   [0mSELECT * FROM `users` WHERE (`users`.`remember_token` = '') LIMIT 1[0m
Rendered shared/_menu_top (1.9ms)
Rendered shared/_top_unlogon (3.9ms)
  [4;36;1mCACHE (0.0ms)[0m   [0;1mSELECT * FROM `users` WHERE (`users`.`remember_token` = '') LIMIT 1[0m
Rendered users/_user_control_widget (1.5ms)
Rendered shared/_bottom (0.1ms)
Completed in 178ms (View: 136, DB: 14) | 200 OK [http://localhost/]
  [4;35;1mSQL (0.1ms)[0m   [0mSET SQL_AUTO_IS_NULL=0[0m


Processing WidgetLayoutsController#load (for 127.0.0.1 at 2010-03-28 23:40:05) [GET]
  Parameters: {"name"=>"members_home", "authenticity_token"=>"4DR7+LOn/+yQWEkXpnn8dIe5jGvLzeLI8WCtvFZHLyI=", "layout_id"=>"1"}
  [4;36;1mTheme Load (0.2ms)[0m   [0;1mSELECT * FROM `themes` LIMIT 1[0m
  [4;35;1mNetwork Load (0.2ms)[0m   [0mSELECT * FROM `networks` LIMIT 1[0m
  [4;36;1mWidgetLayout Columns (1.1ms)[0m   [0;1mSHOW FIELDS FROM `widget_layouts`[0m
  [4;35;1mWidgetLayout Load (0.5ms)[0m   [0mSELECT * FROM `widget_layouts` WHERE (`widget_layouts`.`id` = 1) [0m
  [4;36;1mWidget Columns (1.1ms)[0m   [0;1mSHOW FIELDS FROM `widgets`[0m
  [4;35;1mWidget Load (0.2ms)[0m   [0mSELECT * FROM `widgets` WHERE (`widgets`.`id` = 1) [0m
Rendering template within layouts/widget
Rendering widgets/members_home
  [4;36;1mUser Load (0.4ms)[0m   [0;1mSELECT id, first_name, last_name FROM `users` WHERE (activated_at is not null) ORDER BY RAND() LIMIT 8[0m
  [4;35;1mUser Columns (2.0ms)[0m   [0mSHOW FIELDS FROM `users`[0m
  [4;36;1mProfilePhoto Columns (1.4ms)[0m   [0;1mSHOW FIELDS FROM `photos`[0m
  [4;35;1mProfilePhoto Load (0.3ms)[0m   [0mSELECT `photos`.* FROM `photos` WHERE (`photos`.user_id IN (4,3,15,14,6,12,11,2) AND (is_profile = 1)) [0m
  [4;36;1mSQL (0.3ms)[0m   [0;1mSELECT count(*) AS count_all FROM `users` WHERE (activated_at is not null) [0m
Completed in 67ms (View: 41, DB: 8) | 200 OK [http://localhost/widget_layouts/load?layout_id=1&name=members_home&authenticity_token=4DR7%2BLOn%2F%2ByQWEkXpnn8dIe5jGvLzeLI8WCtvFZHLyI%3D]
  [4;35;1mSQL (0.1ms)[0m   [0mSET SQL_AUTO_IS_NULL=0[0m


Processing WidgetLayoutsController#load (for 127.0.0.1 at 2010-03-28 23:40:06) [GET]
  Parameters: {"name"=>"groups_home", "authenticity_token"=>"4DR7+LOn/+yQWEkXpnn8dIe5jGvLzeLI8WCtvFZHLyI=", "layout_id"=>"2"}
  [4;36;1mTheme Load (0.2ms)[0m   [0;1mSELECT * FROM `themes` LIMIT 1[0m
  [4;35;1mNetwork Load (0.2ms)[0m   [0mSELECT * FROM `networks` LIMIT 1[0m
  [4;36;1mWidgetLayout Columns (1.1ms)[0m   [0;1mSHOW FIELDS FROM `widget_layouts`[0m
  [4;35;1mWidgetLayout Load (0.2ms)[0m   [0mSELECT * FROM `widget_layouts` WHERE (`widget_layouts`.`id` = 2) [0m
  [4;36;1mWidget Columns (1.1ms)[0m   [0;1mSHOW FIELDS FROM `widgets`[0m
  [4;35;1mWidget Load (0.2ms)[0m   [0mSELECT * FROM `widgets` WHERE (`widgets`.`id` = 2) [0m
Rendering template within layouts/widget
Rendering widgets/groups_home
  [4;36;1mGroup Load (0.2ms)[0m   [0;1mSELECT id, name FROM `groups` LIMIT 6[0m
  [4;35;1mGroup Columns (1.2ms)[0m   [0mSHOW FIELDS FROM `groups`[0m
  [4;36;1mProfilePhoto Columns (1.2ms)[0m   [0;1mSHOW FIELDS FROM `photos`[0m
  [4;35;1mProfilePhoto Load (0.2ms)[0m   [0mSELECT * FROM `photos` WHERE (`photos`.group_id = 1) LIMIT 1[0m
  [4;36;1mUser Columns (2.1ms)[0m   [0;1mSHOW FIELDS FROM `users`[0m
  [4;35;1mSQL (0.3ms)[0m   [0mSELECT count(*) AS count_all FROM `users` INNER JOIN `memberships` ON `users`.id = `memberships`.user_id WHERE ((`memberships`.group_id = 1)) [0m
  [4;36;1mProfilePhoto Load (0.2ms)[0m   [0;1mSELECT * FROM `photos` WHERE (`photos`.group_id = 2) LIMIT 1[0m
  [4;35;1mSQL (0.7ms)[0m   [0mSELECT count(*) AS count_all FROM `users` INNER JOIN `memberships` ON `users`.id = `memberships`.user_id WHERE ((`memberships`.group_id = 2)) [0m
  [4;36;1mUser Load (0.5ms)[0m   [0;1mSELECT * FROM `users` WHERE (`users`.`remember_token` = '') LIMIT 1[0m
Completed in 158ms (View: 132, DB: 10) | 200 OK [http://localhost/widget_layouts/load?layout_id=2&name=groups_home&authenticity_token=4DR7%2BLOn%2F%2ByQWEkXpnn8dIe5jGvLzeLI8WCtvFZHLyI%3D]
  [4;35;1mSQL (0.1ms)[0m   [0mSET SQL_AUTO_IS_NULL=0[0m


Processing WidgetLayoutsController#load (for 127.0.0.1 at 2010-03-28 23:40:06) [GET]
  Parameters: {"name"=>"events_home", "authenticity_token"=>"4DR7+LOn/+yQWEkXpnn8dIe5jGvLzeLI8WCtvFZHLyI=", "layout_id"=>"3"}
  [4;36;1mTheme Load (0.2ms)[0m   [0;1mSELECT * FROM `themes` LIMIT 1[0m
  [4;35;1mNetwork Load (0.2ms)[0m   [0mSELECT * FROM `networks` LIMIT 1[0m
  [4;36;1mWidgetLayout Columns (1.2ms)[0m   [0;1mSHOW FIELDS FROM `widget_layouts`[0m
  [4;35;1mWidgetLayout Load (0.3ms)[0m   [0mSELECT * FROM `widget_layouts` WHERE (`widget_layouts`.`id` = 3) [0m
  [4;36;1mWidget Columns (1.1ms)[0m   [0;1mSHOW FIELDS FROM `widgets`[0m
  [4;35;1mWidget Load (0.2ms)[0m   [0mSELECT * FROM `widgets` WHERE (`widgets`.`id` = 3) [0m
Rendering template within layouts/widget
Rendering widgets/events_home
  [4;36;1mEvent Load (0.3ms)[0m   [0;1mSELECT id, name, start_time, end_time, location FROM `events` WHERE (start_time>now()) ORDER BY start_time ASC LIMIT 6[0m
  [4;35;1mUser Columns (2.6ms)[0m   [0mSHOW FIELDS FROM `users`[0m
  [4;36;1mUser Load (0.5ms)[0m   [0;1mSELECT * FROM `users` WHERE (`users`.`remember_token` = '') LIMIT 1[0m
Completed in 36ms (View: 12, DB: 7) | 200 OK [http://localhost/widget_layouts/load?layout_id=3&name=events_home&authenticity_token=4DR7%2BLOn%2F%2ByQWEkXpnn8dIe5jGvLzeLI8WCtvFZHLyI%3D]
  [4;35;1mSQL (0.1ms)[0m   [0mSET SQL_AUTO_IS_NULL=0[0m


Processing WidgetLayoutsController#load (for 127.0.0.1 at 2010-03-28 23:40:07) [GET]
  Parameters: {"name"=>"announcements_home", "authenticity_token"=>"4DR7+LOn/+yQWEkXpnn8dIe5jGvLzeLI8WCtvFZHLyI=", "layout_id"=>"4"}
  [4;36;1mTheme Load (0.3ms)[0m   [0;1mSELECT * FROM `themes` LIMIT 1[0m
  [4;35;1mNetwork Load (0.3ms)[0m   [0mSELECT * FROM `networks` LIMIT 1[0m
  [4;36;1mWidgetLayout Columns (1.5ms)[0m   [0;1mSHOW FIELDS FROM `widget_layouts`[0m
  [4;35;1mWidgetLayout Load (0.5ms)[0m   [0mSELECT * FROM `widget_layouts` WHERE (`widget_layouts`.`id` = 4) [0m
  [4;36;1mWidget Columns (1.2ms)[0m   [0;1mSHOW FIELDS FROM `widgets`[0m
  [4;35;1mWidget Load (0.2ms)[0m   [0mSELECT * FROM `widgets` WHERE (`widgets`.`id` = 4) [0m
Rendering template within layouts/widget
Rendering widgets/announcements_home
  [4;36;1mAnnouncement Load (0.2ms)[0m   [0;1mSELECT * FROM `announcements` ORDER BY created_at DESC LIMIT 4[0m
  [4;35;1mUser Columns (2.0ms)[0m   [0mSHOW FIELDS FROM `users`[0m
  [4;36;1mUser Load (0.8ms)[0m   [0;1mSELECT * FROM `users` WHERE (`users`.`remember_token` = '') LIMIT 1[0m
Completed in 32ms (View: 6, DB: 7) | 200 OK [http://localhost/widget_layouts/load?layout_id=4&name=announcements_home&authenticity_token=4DR7%2BLOn%2F%2ByQWEkXpnn8dIe5jGvLzeLI8WCtvFZHLyI%3D]
  [4;35;1mSQL (0.1ms)[0m   [0mSET SQL_AUTO_IS_NULL=0[0m


Processing WidgetLayoutsController#load (for 127.0.0.1 at 2010-03-28 23:40:07) [GET]
  Parameters: {"name"=>"activity_feed_home", "authenticity_token"=>"4DR7+LOn/+yQWEkXpnn8dIe5jGvLzeLI8WCtvFZHLyI=", "layout_id"=>"5"}
  [4;36;1mTheme Load (0.3ms)[0m   [0;1mSELECT * FROM `themes` LIMIT 1[0m
  [4;35;1mNetwork Load (0.2ms)[0m   [0mSELECT * FROM `networks` LIMIT 1[0m
  [4;36;1mWidgetLayout Columns (1.3ms)[0m   [0;1mSHOW FIELDS FROM `widget_layouts`[0m
  [4;35;1mWidgetLayout Load (0.4ms)[0m   [0mSELECT * FROM `widget_layouts` WHERE (`widget_layouts`.`id` = 5) [0m
  [4;36;1mWidget Columns (1.1ms)[0m   [0;1mSHOW FIELDS FROM `widgets`[0m
  [4;35;1mWidget Load (0.2ms)[0m   [0mSELECT * FROM `widgets` WHERE (`widgets`.`id` = 5) [0m
Rendering template within layouts/widget
Rendering widgets/activity_feed_home
  [4;36;1mUser Columns (2.0ms)[0m   [0;1mSHOW FIELDS FROM `users`[0m
  [4;35;1mUser Load (0.4ms)[0m   [0mSELECT * FROM `users` WHERE (`users`.`remember_token` = '') LIMIT 1[0m
  [4;36;1mActivity Load (0.3ms)[0m   [0;1mSELECT * FROM `activities` ORDER BY created_at DESC LIMIT 8[0m
  [4;35;1mActivity Columns (1.6ms)[0m   [0mSHOW FIELDS FROM `activities`[0m
  [4;36;1mUser Load (0.5ms)[0m   [0;1mSELECT * FROM `users` WHERE (`users`.`id` IN (15,1,17,2,3,4)) [0m
  [4;35;1mGroup Columns (1.4ms)[0m   [0mSHOW FIELDS FROM `groups`[0m
  [4;36;1mGroup Load (0.2ms)[0m   [0;1mSELECT * FROM `groups` WHERE (`groups`.`id` = 1) [0m
  [4;35;1mUser Load (0.6ms)[0m   [0mSELECT * FROM `users` WHERE (`users`.`id` IN (15,4)) [0m
  [4;36;1mFriendship Columns (1.0ms)[0m   [0;1mSHOW FIELDS FROM `friendships`[0m
  [4;35;1mFriendship Load (0.4ms)[0m   [0mSELECT * FROM `friendships` WHERE (`friendships`.`id` IN (2,4)) [0m
  [4;36;1mStatusPost Columns (1.0ms)[0m   [0;1mSHOW FIELDS FROM `status_posts`[0m
  [4;35;1mStatusPost Load (0.2ms)[0m   [0mSELECT * FROM `status_posts` WHERE (`status_posts`.`id` IN (1,2)) [0m
  [4;36;1mPhoto Columns (1.5ms)[0m   [0;1mSHOW FIELDS FROM `photos`[0m
  [4;35;1mPhoto Load (1.0ms)[0m   [0mSELECT * FROM `photos` WHERE (`photos`.`id` = 31) [0m
  [4;36;1mCACHE (0.0ms)[0m   [0;1mSELECT * FROM `users` WHERE (`users`.`remember_token` = '') LIMIT 1[0m
  [4;35;1mPhoto Load (0.2ms)[0m   [0mSELECT id, user_id, filename, parent_id, created_at FROM `photos` WHERE (`photos`.`id` = 31) [0m
  [4;36;1mUser Load (0.4ms)[0m   [0;1mSELECT * FROM `users` WHERE (`users`.`id` = 1) [0m
  [4;35;1mCACHE (0.0ms)[0m   [0mSELECT * FROM `users` WHERE (`users`.`id` = 1) [0m
DEPRECATION WARNING: formatted_activities_url() has been deprecated. Please pass format to the standard activities_url method instead.. (called from _run_erb_app47views47widgets47activity_feed_home46html46erb_locals_include_friends_only_statuses_user_id at /Users/apple/Desktop/enginey/EngineY/app/views/widgets/activity_feed_home.html.erb:45)
DEPRECATION WARNING: formatted_activities_url() has been deprecated. Please pass format to the standard activities_url method instead.. (called from _run_erb_app47views47widgets47activity_feed_home46html46erb_locals_include_friends_only_statuses_user_id at /Users/apple/Desktop/enginey/EngineY/app/views/widgets/activity_feed_home.html.erb:46)
Completed in 193ms (View: 159, DB: 16) | 200 OK [http://localhost/widget_layouts/load?layout_id=5&name=activity_feed_home&authenticity_token=4DR7%2BLOn%2F%2ByQWEkXpnn8dIe5jGvLzeLI8WCtvFZHLyI%3D]
  [4;36;1mSQL (0.1ms)[0m   [0;1mSET SQL_AUTO_IS_NULL=0[0m


Processing WidgetLayoutsController#load (for 127.0.0.1 at 2010-03-28 23:40:07) [GET]
  Parameters: {"name"=>"blog_posts_home", "authenticity_token"=>"4DR7+LOn/+yQWEkXpnn8dIe5jGvLzeLI8WCtvFZHLyI=", "layout_id"=>"6"}
  [4;35;1mTheme Load (0.2ms)[0m   [0mSELECT * FROM `themes` LIMIT 1[0m
  [4;36;1mNetwork Load (0.2ms)[0m   [0;1mSELECT * FROM `networks` LIMIT 1[0m
  [4;35;1mWidgetLayout Columns (1.1ms)[0m   [0mSHOW FIELDS FROM `widget_layouts`[0m
  [4;36;1mWidgetLayout Load (0.2ms)[0m   [0;1mSELECT * FROM `widget_layouts` WHERE (`widget_layouts`.`id` = 6) [0m
  [4;35;1mWidget Columns (1.1ms)[0m   [0mSHOW FIELDS FROM `widgets`[0m
  [4;36;1mWidget Load (0.2ms)[0m   [0;1mSELECT * FROM `widgets` WHERE (`widgets`.`id` = 6) [0m
Rendering template within layouts/widget
Rendering widgets/blog_posts_home
  [4;35;1mBlogPost Load (0.4ms)[0m   [0mSELECT * FROM `blog_posts` WHERE (published=true) ORDER BY created_at DESC LIMIT 3[0m
  [4;36;1mBlogPost Columns (1.1ms)[0m   [0;1mSHOW FIELDS FROM `blog_posts`[0m
  [4;35;1mUser Columns (2.6ms)[0m   [0mSHOW FIELDS FROM `users`[0m
  [4;36;1mUser Load (0.4ms)[0m   [0;1mSELECT * FROM `users` WHERE (`users`.`remember_token` = '') LIMIT 1[0m
  [4;35;1mUser Load (0.3ms)[0m   [0mSELECT * FROM `users` WHERE (`users`.`id` = 1) [0m
  [4;36;1mCACHE (0.0ms)[0m   [0;1mSELECT * FROM `users` WHERE (`users`.`remember_token` = '') LIMIT 1[0m
  [4;35;1mUser Load (0.4ms)[0m   [0mSELECT * FROM `users` WHERE (`users`.`id` = 4) [0m
  [4;36;1mCACHE (0.0ms)[0m   [0;1mSELECT * FROM `users` WHERE (`users`.`remember_token` = '') LIMIT 1[0m
  [4;35;1mUser Load (0.3ms)[0m   [0mSELECT * FROM `users` WHERE (`users`.`id` = 5) [0m
  [4;36;1mCACHE (0.0ms)[0m   [0;1mSELECT * FROM `users` WHERE (`users`.`remember_token` = '') LIMIT 1[0m
Completed in 143ms (View: 30, DB: 9) | 200 OK [http://localhost/widget_layouts/load?layout_id=6&name=blog_posts_home&authenticity_token=4DR7%2BLOn%2F%2ByQWEkXpnn8dIe5jGvLzeLI8WCtvFZHLyI%3D]
  [4;35;1mSQL (0.1ms)[0m   [0mSET SQL_AUTO_IS_NULL=0[0m


Processing WidgetLayoutsController#load (for 127.0.0.1 at 2010-03-28 23:40:08) [GET]
  Parameters: {"name"=>"links_home", "authenticity_token"=>"4DR7+LOn/+yQWEkXpnn8dIe5jGvLzeLI8WCtvFZHLyI=", "layout_id"=>"7"}
  [4;36;1mTheme Load (0.2ms)[0m   [0;1mSELECT * FROM `themes` LIMIT 1[0m
  [4;35;1mNetwork Load (0.2ms)[0m   [0mSELECT * FROM `networks` LIMIT 1[0m
  [4;36;1mWidgetLayout Columns (1.2ms)[0m   [0;1mSHOW FIELDS FROM `widget_layouts`[0m
  [4;35;1mWidgetLayout Load (0.2ms)[0m   [0mSELECT * FROM `widget_layouts` WHERE (`widget_layouts`.`id` = 7) [0m
  [4;36;1mWidget Columns (1.1ms)[0m   [0;1mSHOW FIELDS FROM `widgets`[0m
  [4;35;1mWidget Load (0.2ms)[0m   [0mSELECT * FROM `widgets` WHERE (`widgets`.`id` = 7) [0m
Rendering template within layouts/widget
Rendering widgets/links_home
  [4;36;1mLink Load (0.2ms)[0m   [0;1mSELECT * FROM `links` LIMIT 6[0m
  [4;35;1mUser Columns (2.0ms)[0m   [0mSHOW FIELDS FROM `users`[0m
  [4;36;1mUser Load (0.4ms)[0m   [0;1mSELECT * FROM `users` WHERE (`users`.`remember_token` = '') LIMIT 1[0m
Completed in 32ms (View: 10, DB: 6) | 200 OK [http://localhost/widget_layouts/load?layout_id=7&name=links_home&authenticity_token=4DR7%2BLOn%2F%2ByQWEkXpnn8dIe5jGvLzeLI8WCtvFZHLyI%3D]
  [4;35;1mSQL (0.1ms)[0m   [0mSET SQL_AUTO_IS_NULL=0[0m


Processing WidgetLayoutsController#load (for 127.0.0.1 at 2010-03-28 23:40:08) [GET]
  Parameters: {"name"=>"projects_home", "authenticity_token"=>"4DR7+LOn/+yQWEkXpnn8dIe5jGvLzeLI8WCtvFZHLyI=", "layout_id"=>"8"}
  [4;36;1mTheme Load (0.2ms)[0m   [0;1mSELECT * FROM `themes` LIMIT 1[0m
  [4;35;1mNetwork Load (0.2ms)[0m   [0mSELECT * FROM `networks` LIMIT 1[0m
  [4;36;1mWidgetLayout Columns (1.1ms)[0m   [0;1mSHOW FIELDS FROM `widget_layouts`[0m
  [4;35;1mWidgetLayout Load (0.2ms)[0m   [0mSELECT * FROM `widget_layouts` WHERE (`widget_layouts`.`id` = 8) [0m
  [4;36;1mWidget Columns (1.1ms)[0m   [0;1mSHOW FIELDS FROM `widgets`[0m
  [4;35;1mWidget Load (0.2ms)[0m   [0mSELECT * FROM `widgets` WHERE (`widgets`.`id` = 8) [0m
Rendering template within layouts/widget
Rendering widgets/projects_home
  [4;36;1mProject Load (0.2ms)[0m   [0;1mSELECT * FROM `projects` LIMIT 6[0m
  [4;35;1mUser Columns (2.0ms)[0m   [0mSHOW FIELDS FROM `users`[0m
  [4;36;1mUser Load (0.4ms)[0m   [0;1mSELECT * FROM `users` WHERE (`users`.`remember_token` = '') LIMIT 1[0m
Completed in 33ms (View: 10, DB: 6) | 200 OK [http://localhost/widget_layouts/load?layout_id=8&name=projects_home&authenticity_token=4DR7%2BLOn%2F%2ByQWEkXpnn8dIe5jGvLzeLI8WCtvFZHLyI%3D]
  [4;35;1mSQL (0.1ms)[0m   [0mSET SQL_AUTO_IS_NULL=0[0m


Processing WidgetLayoutsController#load (for 127.0.0.1 at 2010-03-28 23:40:08) [GET]
  Parameters: {"name"=>"job_posts_home", "authenticity_token"=>"4DR7+LOn/+yQWEkXpnn8dIe5jGvLzeLI8WCtvFZHLyI=", "layout_id"=>"9"}
  [4;36;1mTheme Load (0.3ms)[0m   [0;1mSELECT * FROM `themes` LIMIT 1[0m
  [4;35;1mNetwork Load (0.2ms)[0m   [0mSELECT * FROM `networks` LIMIT 1[0m
  [4;36;1mWidgetLayout Columns (1.5ms)[0m   [0;1mSHOW FIELDS FROM `widget_layouts`[0m
  [4;35;1mWidgetLayout Load (0.2ms)[0m   [0mSELECT * FROM `widget_layouts` WHERE (`widget_layouts`.`id` = 9) [0m
  [4;36;1mWidget Columns (1.0ms)[0m   [0;1mSHOW FIELDS FROM `widgets`[0m
  [4;35;1mWidget Load (0.2ms)[0m   [0mSELECT * FROM `widgets` WHERE (`widgets`.`id` = 9) [0m
Rendering template within layouts/widget
Rendering widgets/job_posts_home
  [4;36;1mJobPost Load (0.3ms)[0m   [0;1mSELECT id, job_title, company FROM `job_posts` ORDER BY created_at DESC LIMIT 5[0m
  [4;35;1mJobPost Columns (1.0ms)[0m   [0mSHOW FIELDS FROM `job_posts`[0m
  [4;36;1mUser Columns (2.1ms)[0m   [0;1mSHOW FIELDS FROM `users`[0m
  [4;35;1mUser Load (0.5ms)[0m   [0mSELECT * FROM `users` WHERE (`users`.`remember_token` = '') LIMIT 1[0m
Completed in 131ms (View: 103, DB: 7) | 200 OK [http://localhost/widget_layouts/load?layout_id=9&name=job_posts_home&authenticity_token=4DR7%2BLOn%2F%2ByQWEkXpnn8dIe5jGvLzeLI8WCtvFZHLyI%3D]
  [4;36;1mSQL (0.1ms)[0m   [0;1mSET SQL_AUTO_IS_NULL=0[0m


Processing WidgetLayoutsController#load (for 127.0.0.1 at 2010-03-28 23:40:08) [GET]
  Parameters: {"name"=>"forum_posts_home", "authenticity_token"=>"4DR7+LOn/+yQWEkXpnn8dIe5jGvLzeLI8WCtvFZHLyI=", "layout_id"=>"10"}
  [4;35;1mTheme Load (0.2ms)[0m   [0mSELECT * FROM `themes` LIMIT 1[0m
  [4;36;1mNetwork Load (0.2ms)[0m   [0;1mSELECT * FROM `networks` LIMIT 1[0m
  [4;35;1mWidgetLayout Columns (1.1ms)[0m   [0mSHOW FIELDS FROM `widget_layouts`[0m
  [4;36;1mWidgetLayout Load (0.4ms)[0m   [0;1mSELECT * FROM `widget_layouts` WHERE (`widget_layouts`.`id` = 10) [0m
  [4;35;1mWidget Columns (1.2ms)[0m   [0mSHOW FIELDS FROM `widgets`[0m
  [4;36;1mWidget Load (0.2ms)[0m   [0;1mSELECT * FROM `widgets` WHERE (`widgets`.`id` = 10) [0m
Rendering template within layouts/widget
Rendering widgets/forum_posts_home
  [4;35;1mForumPost Load (0.6ms)[0m   [0mSELECT id, title, body, user_id, created_at FROM `forum_posts` ORDER BY created_at DESC LIMIT 5[0m
  [4;36;1mForumPost Columns (1.1ms)[0m   [0;1mSHOW FIELDS FROM `forum_posts`[0m
  [4;35;1mUser Columns (2.0ms)[0m   [0mSHOW FIELDS FROM `users`[0m
  [4;36;1mUser Load (0.4ms)[0m   [0;1mSELECT * FROM `users` WHERE (`users`.`id` IN (1,3)) [0m
Completed in 49ms (View: 25, DB: 8) | 200 OK [http://localhost/widget_layouts/load?layout_id=10&name=forum_posts_home&authenticity_token=4DR7%2BLOn%2F%2ByQWEkXpnn8dIe5jGvLzeLI8WCtvFZHLyI%3D]
  [4;35;1mSQL (0.1ms)[0m   [0mSET SQL_AUTO_IS_NULL=0[0m


Processing WidgetLayoutsController#load (for 127.0.0.1 at 2010-03-28 23:40:09) [GET]
  Parameters: {"name"=>"photos_home", "authenticity_token"=>"4DR7+LOn/+yQWEkXpnn8dIe5jGvLzeLI8WCtvFZHLyI=", "layout_id"=>"11"}
  [4;36;1mTheme Load (0.4ms)[0m   [0;1mSELECT * FROM `themes` LIMIT 1[0m
  [4;35;1mNetwork Load (0.2ms)[0m   [0mSELECT * FROM `networks` LIMIT 1[0m
  [4;36;1mWidgetLayout Columns (1.1ms)[0m   [0;1mSHOW FIELDS FROM `widget_layouts`[0m
  [4;35;1mWidgetLayout Load (0.2ms)[0m   [0mSELECT * FROM `widget_layouts` WHERE (`widget_layouts`.`id` = 11) [0m
  [4;36;1mWidget Columns (1.1ms)[0m   [0;1mSHOW FIELDS FROM `widgets`[0m
  [4;35;1mWidget Load (0.2ms)[0m   [0mSELECT * FROM `widgets` WHERE (`widgets`.`id` = 11) [0m
Rendering template within layouts/widget
Rendering widgets/photos_home
  [4;36;1mPhoto Load (1.6ms)[0m   [0;1mSELECT * FROM `photos` WHERE (`photos`.`is_profile` IS NULL AND `photos`.`thumbnail` IS NULL) ORDER BY RAND() LIMIT 6[0m
  [4;35;1mPhoto Columns (1.3ms)[0m   [0mSHOW FIELDS FROM `photos`[0m
  [4;36;1mUser Columns (2.1ms)[0m   [0;1mSHOW FIELDS FROM `users`[0m
  [4;35;1mUser Load (0.4ms)[0m   [0mSELECT * FROM `users` WHERE (`users`.`remember_token` = '') LIMIT 1[0m
Completed in 135ms (View: 33, DB: 9) | 200 OK [http://localhost/widget_layouts/load?layout_id=11&name=photos_home&authenticity_token=4DR7%2BLOn%2F%2ByQWEkXpnn8dIe5jGvLzeLI8WCtvFZHLyI%3D]
  [4;36;1mSQL (0.1ms)[0m   [0;1mSET SQL_AUTO_IS_NULL=0[0m


Processing WidgetLayoutsController#load (for 127.0.0.1 at 2010-03-28 23:40:09) [GET]
  Parameters: {"name"=>"html_content_home", "authenticity_token"=>"4DR7+LOn/+yQWEkXpnn8dIe5jGvLzeLI8WCtvFZHLyI=", "layout_id"=>"12"}
  [4;35;1mTheme Load (0.2ms)[0m   [0mSELECT * FROM `themes` LIMIT 1[0m
  [4;36;1mNetwork Load (0.2ms)[0m   [0;1mSELECT * FROM `networks` LIMIT 1[0m
  [4;35;1mWidgetLayout Columns (1.1ms)[0m   [0mSHOW FIELDS FROM `widget_layouts`[0m
  [4;36;1mWidgetLayout Load (0.2ms)[0m   [0;1mSELECT * FROM `widget_layouts` WHERE (`widget_layouts`.`id` = 12) [0m
  [4;35;1mWidget Columns (1.1ms)[0m   [0mSHOW FIELDS FROM `widgets`[0m
  [4;36;1mWidget Load (0.2ms)[0m   [0;1mSELECT * FROM `widgets` WHERE (`widgets`.`id` = 12) [0m
  [4;35;1mHtmlContent Columns (0.9ms)[0m   [0mSHOW FIELDS FROM `html_contents`[0m
  [4;36;1mHtmlContent Load (0.2ms)[0m   [0;1mSELECT * FROM `html_contents` WHERE (`html_contents`.`id` = 1) [0m
Rendering template within layouts/widget
Rendering widgets/html_content_home
  [4;35;1mUser Columns (2.0ms)[0m   [0mSHOW FIELDS FROM `users`[0m
  [4;36;1mUser Load (0.4ms)[0m   [0;1mSELECT * FROM `users` WHERE (`users`.`remember_token` = '') LIMIT 1[0m
Completed in 31ms (View: 5, DB: 6) | 200 OK [http://localhost/widget_layouts/load?layout_id=12&name=html_content_home&authenticity_token=4DR7%2BLOn%2F%2ByQWEkXpnn8dIe5jGvLzeLI8WCtvFZHLyI%3D]
  [4;35;1mSQL (0.1ms)[0m   [0mSET SQL_AUTO_IS_NULL=0[0m


Processing SessionsController#new (for 127.0.0.1 at 2010-03-28 23:40:09) [GET]
  [4;36;1mTheme Load (0.2ms)[0m   [0;1mSELECT * FROM `themes` LIMIT 1[0m
  [4;35;1mNetwork Load (0.2ms)[0m   [0mSELECT * FROM `networks` LIMIT 1[0m
Rendering template within layouts/application
Rendering sessions/new
  [4;36;1mNetwork Columns (1.1ms)[0m   [0;1mSHOW FIELDS FROM `networks`[0m
Rendered layouts/_widgets (0.1ms)
  [4;35;1mUser Columns (2.2ms)[0m   [0mSHOW FIELDS FROM `users`[0m
  [4;36;1mUser Load (0.4ms)[0m   [0;1mSELECT * FROM `users` WHERE (`users`.`remember_token` = '') LIMIT 1[0m
Rendered shared/_menu_top (6.9ms)
Rendered shared/_top_login (7.2ms)
  [4;35;1mCACHE (0.0ms)[0m   [0mSELECT * FROM `users` WHERE (`users`.`remember_token` = '') LIMIT 1[0m
Rendered users/_user_control_widget (4.0ms)
Rendered shared/_bottom (0.1ms)
Completed in 37ms (View: 23, DB: 4) | 200 OK [http://localhost/login]
  [4;36;1mSQL (0.1ms)[0m   [0;1mSET SQL_AUTO_IS_NULL=0[0m


Processing SessionsController#create (for 127.0.0.1 at 2010-03-28 23:40:16) [POST]
  Parameters: {"commit"=>"Log in", "authenticity_token"=>"4DR7+LOn/+yQWEkXpnn8dIe5jGvLzeLI8WCtvFZHLyI=", "login"=>"zhuzhu", "password"=>"111111"}
  [4;35;1mTheme Load (0.2ms)[0m   [0mSELECT * FROM `themes` LIMIT 1[0m
  [4;36;1mNetwork Load (0.2ms)[0m   [0;1mSELECT * FROM `networks` LIMIT 1[0m
  [4;35;1mUser Columns (2.2ms)[0m   [0mSHOW FIELDS FROM `users`[0m
  [4;36;1mUser Load (0.5ms)[0m   [0;1mSELECT * FROM `users` WHERE (`users`.`login` = 'zhuzhu') LIMIT 1[0m
  [4;35;1mSQL (0.1ms)[0m   [0mBEGIN[0m
  [4;36;1mRole Columns (1.1ms)[0m   [0;1mSHOW FIELDS FROM `roles`[0m
  [4;35;1mRole Load (0.2ms)[0m   [0mSELECT * FROM `roles` WHERE (`roles`.`rolename` = 'administrator') LIMIT 1[0m
  [4;36;1mUser Load (0.4ms)[0m   [0;1mSELECT `users`.* FROM `users` INNER JOIN `permissions` ON permissions.user_id = users.id WHERE (role_id = 2) [0m
  [4;35;1mRole Load (0.1ms)[0m   [0mSELECT * FROM `roles` WHERE (`roles`.`rolename` = 'creator') LIMIT 1[0m
  [4;36;1mUser Load (0.3ms)[0m   [0;1mSELECT `users`.* FROM `users` INNER JOIN `permissions` ON permissions.user_id = users.id WHERE (role_id = 1) [0m
  [4;35;1mSQL (0.1ms)[0m   [0mCOMMIT[0m
  [4;36;1mSQL (0.1ms)[0m   [0;1mBEGIN[0m
  [4;35;1mUser Update (0.2ms)[0m   [0mUPDATE `users` SET `updated_at` = '2010-03-28 15:40:16', `login_count` = 12 WHERE `id` = 16[0m
  [4;36;1mUser Load (0.4ms)[0m   [0;1mSELECT `users`.* FROM `users` INNER JOIN `permissions` ON permissions.user_id = users.id WHERE (role_id = 2) [0m
  [4;35;1mUser Load (0.3ms)[0m   [0mSELECT `users`.* FROM `users` INNER JOIN `permissions` ON permissions.user_id = users.id WHERE (role_id = 1) [0m
  [4;36;1mSQL (1.1ms)[0m   [0;1mCOMMIT[0m
  [4;35;1mSQL (0.1ms)[0m   [0mBEGIN[0m
  [4;36;1mUser Update (0.3ms)[0m   [0;1mUPDATE `users` SET `updated_at` = '2010-03-28 15:40:16', `last_seen_at` = '2010-03-28 15:40:16' WHERE `id` = 16[0m
  [4;35;1mUser Load (0.4ms)[0m   [0mSELECT `users`.* FROM `users` INNER JOIN `permissions` ON permissions.user_id = users.id WHERE (role_id = 2) [0m
  [4;36;1mUser Load (0.3ms)[0m   [0;1mSELECT `users`.* FROM `users` INNER JOIN `permissions` ON permissions.user_id = users.id WHERE (role_id = 1) [0m
  [4;35;1mSQL (11.9ms)[0m   [0mCOMMIT[0m
Redirected to http://localhost:4040/
Completed in 160ms (DB: 20) | 302 Found [http://localhost/session]
  [4;36;1mSQL (0.1ms)[0m   [0;1mSET SQL_AUTO_IS_NULL=0[0m


Processing HomeController#index (for 127.0.0.1 at 2010-03-28 23:40:16) [GET]
  [4;35;1mTheme Load (0.2ms)[0m   [0mSELECT * FROM `themes` LIMIT 1[0m
  [4;36;1mNetwork Load (0.2ms)[0m   [0;1mSELECT * FROM `networks` LIMIT 1[0m
  [4;35;1mCACHE (0.0ms)[0m   [0mSELECT * FROM `networks` LIMIT 1[0m
  [4;36;1mPhoto Load (0.3ms)[0m   [0;1mSELECT id, parent_id, filename FROM `photos` WHERE (`photos`.`is_profile` IS NULL AND `photos`.`thumbnail` IS NULL) ORDER BY RAND() LIMIT 6[0m
Rendering template within layouts/application
Rendering home/index
  [4;35;1mPhoto Columns (1.3ms)[0m   [0mSHOW FIELDS FROM `photos`[0m
  [4;36;1mNetwork Columns (0.9ms)[0m   [0;1mSHOW FIELDS FROM `networks`[0m
  [4;35;1mUser Columns (2.7ms)[0m   [0mSHOW FIELDS FROM `users`[0m
  [4;36;1mUser Load (0.4ms)[0m   [0;1mSELECT * FROM `users` WHERE (`users`.`id` = 16) LIMIT 1[0m
Rendered shared/_network_info_widget (8.7ms)
  [4;35;1mProfilePhoto Columns (1.3ms)[0m   [0mSHOW FIELDS FROM `photos`[0m
  [4;36;1mProfilePhoto Load (0.3ms)[0m   [0;1mSELECT * FROM `photos` WHERE (`photos`.user_id = 16 AND (is_profile = 1)) LIMIT 1[0m
  [4;35;1mroles_users Columns (0.9ms)[0m   [0mSHOW FIELDS FROM `roles_users`[0m
  [4;36;1mRole Load (0.3ms)[0m   [0;1mSELECT * FROM `roles` INNER JOIN `roles_users` ON `roles`.id = `roles_users`.role_id WHERE (`roles_users`.user_id = 16 ) [0m
  [4;35;1mRole Columns (1.0ms)[0m   [0mSHOW FIELDS FROM `roles`[0m
Rendered users/_user_control_widget (23.2ms)
  [4;36;1mPage Columns (1.1ms)[0m   [0;1mSHOW FIELDS FROM `pages`[0m
  [4;35;1mPage Load (0.2ms)[0m   [0mSELECT * FROM `pages` WHERE (`pages`.`title` = 'home') LIMIT 1[0m
  [4;36;1mWidgetLayout Load (0.3ms)[0m   [0;1mSELECT * FROM `widget_layouts` WHERE (`widget_layouts`.page_id = 1) [0m
  [4;35;1mWidgetLayout Columns (1.0ms)[0m   [0mSHOW FIELDS FROM `widget_layouts`[0m
  [4;36;1mWidget Columns (1.1ms)[0m   [0;1mSHOW FIELDS FROM `widgets`[0m
  [4;35;1mWidget Load (0.3ms)[0m   [0mSELECT * FROM `widgets` WHERE (`widgets`.`id` = 1) [0m
  [4;36;1mWidget Load (0.2ms)[0m   [0;1mSELECT * FROM `widgets` WHERE (`widgets`.`id` = 2) [0m
  [4;35;1mWidget Load (0.1ms)[0m   [0mSELECT * FROM `widgets` WHERE (`widgets`.`id` = 3) [0m
  [4;36;1mWidget Load (0.1ms)[0m   [0;1mSELECT * FROM `widgets` WHERE (`widgets`.`id` = 4) [0m
  [4;35;1mWidget Load (0.1ms)[0m   [0mSELECT * FROM `widgets` WHERE (`widgets`.`id` = 5) [0m
  [4;36;1mWidget Load (0.1ms)[0m   [0;1mSELECT * FROM `widgets` WHERE (`widgets`.`id` = 6) [0m
  [4;35;1mWidget Load (0.2ms)[0m   [0mSELECT * FROM `widgets` WHERE (`widgets`.`id` = 7) [0m
  [4;36;1mWidget Load (0.1ms)[0m   [0;1mSELECT * FROM `widgets` WHERE (`widgets`.`id` = 8) [0m
  [4;35;1mWidget Load (0.1ms)[0m   [0mSELECT * FROM `widgets` WHERE (`widgets`.`id` = 9) [0m
  [4;36;1mWidget Load (0.1ms)[0m   [0;1mSELECT * FROM `widgets` WHERE (`widgets`.`id` = 10) [0m
  [4;35;1mWidget Load (0.1ms)[0m   [0mSELECT * FROM `widgets` WHERE (`widgets`.`id` = 11) [0m
  [4;36;1mWidget Load (0.1ms)[0m   [0;1mSELECT * FROM `widgets` WHERE (`widgets`.`id` = 12) [0m
Rendered layouts/_widgets (33.5ms)
  [4;35;1mMessage Columns (1.1ms)[0m   [0mSHOW FIELDS FROM `messages`[0m
  [4;36;1mSQL (0.2ms)[0m   [0;1mSELECT count(*) AS count_all FROM `messages` WHERE (`messages`.recipient_id = 16 AND (`messages`.`read` = 0)) [0m
Rendered shared/_menu_top (2.1ms)
Rendered shared/_top_logon (5.8ms)
Rendered users/_user_control_widget (1.8ms)
Rendered shared/_bottom (0.1ms)
Completed in 199ms (View: 153, DB: 17) | 200 OK [http://localhost/]
  [4;35;1mSQL (0.1ms)[0m   [0mSET SQL_AUTO_IS_NULL=0[0m


Processing WidgetLayoutsController#load (for 127.0.0.1 at 2010-03-28 23:40:17) [GET]
  Parameters: {"name"=>"blog_posts_home", "authenticity_token"=>"4DR7+LOn/+yQWEkXpnn8dIe5jGvLzeLI8WCtvFZHLyI=", "layout_id"=>"6"}
  [4;36;1mTheme Load (0.2ms)[0m   [0;1mSELECT * FROM `themes` LIMIT 1[0m
  [4;35;1mNetwork Load (0.2ms)[0m   [0mSELECT * FROM `networks` LIMIT 1[0m
  [4;36;1mWidgetLayout Columns (2.8ms)[0m   [0;1mSHOW FIELDS FROM `widget_layouts`[0m
  [4;35;1mWidgetLayout Load (0.2ms)[0m   [0mSELECT * FROM `widget_layouts` WHERE (`widget_layouts`.`id` = 6) [0m
  [4;36;1mWidget Columns (5.5ms)[0m   [0;1mSHOW FIELDS FROM `widgets`[0m
  [4;35;1mWidget Load (0.9ms)[0m   [0mSELECT * FROM `widgets` WHERE (`widgets`.`id` = 6) [0m
Rendering template within layouts/widget
Rendering widgets/blog_posts_home
  [4;36;1mBlogPost Load (0.4ms)[0m   [0;1mSELECT * FROM `blog_posts` WHERE (published=true) ORDER BY created_at DESC LIMIT 3[0m
  [4;35;1mBlogPost Columns (10.1ms)[0m   [0mSHOW FIELDS FROM `blog_posts`[0m
  [4;36;1mUser Columns (38.3ms)[0m   [0;1mSHOW FIELDS FROM `users`[0m
  [4;35;1mUser Load (0.3ms)[0m   [0mSELECT * FROM `users` WHERE (`users`.`id` = 16) LIMIT 1[0m
  [4;36;1mroles_users Columns (1.2ms)[0m   [0;1mSHOW FIELDS FROM `roles_users`[0m
  [4;35;1mRole Load (0.9ms)[0m   [0mSELECT * FROM `roles` INNER JOIN `roles_users` ON `roles`.id = `roles_users`.role_id WHERE (`roles_users`.user_id = 16 ) [0m
  [4;36;1mRole Columns (1.1ms)[0m   [0;1mSHOW FIELDS FROM `roles`[0m
  [4;35;1mUser Load (0.7ms)[0m   [0mSELECT * FROM `users` WHERE (`users`.`id` = 1) [0m
  [4;36;1mUser Load (0.4ms)[0m   [0;1mSELECT * FROM `users` WHERE (`users`.`id` = 4) [0m
  [4;35;1mUser Load (0.3ms)[0m   [0mSELECT * FROM `users` WHERE (`users`.`id` = 5) [0m
Completed in 119ms (View: 36, DB: 64) | 200 OK [http://localhost/widget_layouts/load?layout_id=6&name=blog_posts_home&authenticity_token=4DR7%2BLOn%2F%2ByQWEkXpnn8dIe5jGvLzeLI8WCtvFZHLyI%3D]
  [4;36;1mSQL (0.1ms)[0m   [0;1mSET SQL_AUTO_IS_NULL=0[0m


Processing WidgetLayoutsController#load (for 127.0.0.1 at 2010-03-28 23:40:17) [GET]
  Parameters: {"name"=>"links_home", "authenticity_token"=>"4DR7+LOn/+yQWEkXpnn8dIe5jGvLzeLI8WCtvFZHLyI=", "layout_id"=>"7"}
  [4;35;1mTheme Load (0.2ms)[0m   [0mSELECT * FROM `themes` LIMIT 1[0m
  [4;36;1mNetwork Load (0.3ms)[0m   [0;1mSELECT * FROM `networks` LIMIT 1[0m
  [4;35;1mWidgetLayout Columns (1.2ms)[0m   [0mSHOW FIELDS FROM `widget_layouts`[0m
  [4;36;1mWidgetLayout Load (0.5ms)[0m   [0;1mSELECT * FROM `widget_layouts` WHERE (`widget_layouts`.`id` = 7) [0m
  [4;35;1mWidget Columns (1.1ms)[0m   [0mSHOW FIELDS FROM `widgets`[0m
  [4;36;1mWidget Load (0.2ms)[0m   [0;1mSELECT * FROM `widgets` WHERE (`widgets`.`id` = 7) [0m
Rendering template within layouts/widget
Rendering widgets/links_home
  [4;35;1mLink Load (0.2ms)[0m   [0mSELECT * FROM `links` LIMIT 6[0m
  [4;36;1mUser Columns (2.1ms)[0m   [0;1mSHOW FIELDS FROM `users`[0m
  [4;35;1mUser Load (0.4ms)[0m   [0mSELECT * FROM `users` WHERE (`users`.`id` = 16) LIMIT 1[0m
Completed in 124ms (View: 11, DB: 6) | 200 OK [http://localhost/widget_layouts/load?layout_id=7&name=links_home&authenticity_token=4DR7%2BLOn%2F%2ByQWEkXpnn8dIe5jGvLzeLI8WCtvFZHLyI%3D]
  [4;36;1mSQL (0.1ms)[0m   [0;1mSET SQL_AUTO_IS_NULL=0[0m


Processing WidgetLayoutsController#load (for 127.0.0.1 at 2010-03-28 23:40:17) [GET]
  Parameters: {"name"=>"projects_home", "authenticity_token"=>"4DR7+LOn/+yQWEkXpnn8dIe5jGvLzeLI8WCtvFZHLyI=", "layout_id"=>"8"}
  [4;35;1mTheme Load (0.3ms)[0m   [0mSELECT * FROM `themes` LIMIT 1[0m
  [4;36;1mNetwork Load (0.2ms)[0m   [0;1mSELECT * FROM `networks` LIMIT 1[0m
  [4;35;1mWidgetLayout Columns (1.1ms)[0m   [0mSHOW FIELDS FROM `widget_layouts`[0m
  [4;36;1mWidgetLayout Load (0.3ms)[0m   [0;1mSELECT * FROM `widget_layouts` WHERE (`widget_layouts`.`id` = 8) [0m
  [4;35;1mWidget Columns (1.1ms)[0m   [0mSHOW FIELDS FROM `widgets`[0m
  [4;36;1mWidget Load (0.2ms)[0m   [0;1mSELECT * FROM `widgets` WHERE (`widgets`.`id` = 8) [0m
Rendering template within layouts/widget
Rendering widgets/projects_home
  [4;35;1mProject Load (0.2ms)[0m   [0mSELECT * FROM `projects` LIMIT 6[0m
  [4;36;1mUser Columns (2.8ms)[0m   [0;1mSHOW FIELDS FROM `users`[0m
  [4;35;1mUser Load (0.4ms)[0m   [0mSELECT * FROM `users` WHERE (`users`.`id` = 16) LIMIT 1[0m
Completed in 34ms (View: 10, DB: 7) | 200 OK [http://localhost/widget_layouts/load?layout_id=8&name=projects_home&authenticity_token=4DR7%2BLOn%2F%2ByQWEkXpnn8dIe5jGvLzeLI8WCtvFZHLyI%3D]
  [4;36;1mSQL (0.1ms)[0m   [0;1mSET SQL_AUTO_IS_NULL=0[0m


Processing WidgetLayoutsController#load (for 127.0.0.1 at 2010-03-28 23:40:18) [GET]
  Parameters: {"name"=>"members_home", "authenticity_token"=>"4DR7+LOn/+yQWEkXpnn8dIe5jGvLzeLI8WCtvFZHLyI=", "layout_id"=>"1"}
  [4;35;1mTheme Load (0.3ms)[0m   [0mSELECT * FROM `themes` LIMIT 1[0m
  [4;36;1mNetwork Load (0.2ms)[0m   [0;1mSELECT * FROM `networks` LIMIT 1[0m
  [4;35;1mWidgetLayout Columns (1.1ms)[0m   [0mSHOW FIELDS FROM `widget_layouts`[0m
  [4;36;1mWidgetLayout Load (0.2ms)[0m   [0;1mSELECT * FROM `widget_layouts` WHERE (`widget_layouts`.`id` = 1) [0m
  [4;35;1mWidget Columns (1.1ms)[0m   [0mSHOW FIELDS FROM `widgets`[0m
  [4;36;1mWidget Load (0.2ms)[0m   [0;1mSELECT * FROM `widgets` WHERE (`widgets`.`id` = 1) [0m
Rendering template within layouts/widget
Rendering widgets/members_home
  [4;35;1mUser Load (0.8ms)[0m   [0mSELECT id, first_name, last_name FROM `users` WHERE (activated_at is not null) ORDER BY RAND() LIMIT 8[0m
  [4;36;1mUser Columns (2.5ms)[0m   [0;1mSHOW FIELDS FROM `users`[0m
  [4;35;1mProfilePhoto Columns (1.4ms)[0m   [0mSHOW FIELDS FROM `photos`[0m
  [4;36;1mProfilePhoto Load (0.3ms)[0m   [0;1mSELECT `photos`.* FROM `photos` WHERE (`photos`.user_id IN (1,13,10,12,6,11,4,8) AND (is_profile = 1)) [0m
  [4;35;1mSQL (0.2ms)[0m   [0mSELECT count(*) AS count_all FROM `users` WHERE (activated_at is not null) [0m
Completed in 158ms (View: 46, DB: 8) | 200 OK [http://localhost/widget_layouts/load?layout_id=1&name=members_home&authenticity_token=4DR7%2BLOn%2F%2ByQWEkXpnn8dIe5jGvLzeLI8WCtvFZHLyI%3D]
  [4;36;1mSQL (0.1ms)[0m   [0;1mSET SQL_AUTO_IS_NULL=0[0m


Processing WidgetLayoutsController#load (for 127.0.0.1 at 2010-03-28 23:40:18) [GET]
  Parameters: {"name"=>"groups_home", "authenticity_token"=>"4DR7+LOn/+yQWEkXpnn8dIe5jGvLzeLI8WCtvFZHLyI=", "layout_id"=>"2"}
  [4;35;1mTheme Load (0.2ms)[0m   [0mSELECT * FROM `themes` LIMIT 1[0m
  [4;36;1mNetwork Load (0.2ms)[0m   [0;1mSELECT * FROM `networks` LIMIT 1[0m
  [4;35;1mWidgetLayout Columns (1.1ms)[0m   [0mSHOW FIELDS FROM `widget_layouts`[0m
  [4;36;1mWidgetLayout Load (0.6ms)[0m   [0;1mSELECT * FROM `widget_layouts` WHERE (`widget_layouts`.`id` = 2) [0m
  [4;35;1mWidget Columns (3.9ms)[0m   [0mSHOW FIELDS FROM `widgets`[0m
  [4;36;1mWidget Load (1.8ms)[0m   [0;1mSELECT * FROM `widgets` WHERE (`widgets`.`id` = 2) [0m
Rendering template within layouts/widget
Rendering widgets/groups_home
  [4;35;1mGroup Load (0.2ms)[0m   [0mSELECT id, name FROM `groups` LIMIT 6[0m
  [4;36;1mGroup Columns (1.2ms)[0m   [0;1mSHOW FIELDS FROM `groups`[0m
  [4;35;1mProfilePhoto Columns (1.4ms)[0m   [0mSHOW FIELDS FROM `photos`[0m
  [4;36;1mProfilePhoto Load (0.9ms)[0m   [0;1mSELECT * FROM `photos` WHERE (`photos`.group_id = 1) LIMIT 1[0m
  [4;35;1mUser Columns (2.1ms)[0m   [0mSHOW FIELDS FROM `users`[0m
  [4;36;1mSQL (0.3ms)[0m   [0;1mSELECT count(*) AS count_all FROM `users` INNER JOIN `memberships` ON `users`.id = `memberships`.user_id WHERE ((`memberships`.group_id = 1)) [0m
  [4;35;1mProfilePhoto Load (0.2ms)[0m   [0mSELECT * FROM `photos` WHERE (`photos`.group_id = 2) LIMIT 1[0m
  [4;36;1mSQL (0.3ms)[0m   [0;1mSELECT count(*) AS count_all FROM `users` INNER JOIN `memberships` ON `users`.id = `memberships`.user_id WHERE ((`memberships`.group_id = 2)) [0m
  [4;35;1mUser Load (0.4ms)[0m   [0mSELECT * FROM `users` WHERE (`users`.`id` = 16) LIMIT 1[0m
Completed in 207ms (View: 172, DB: 15) | 200 OK [http://localhost/widget_layouts/load?layout_id=2&name=groups_home&authenticity_token=4DR7%2BLOn%2F%2ByQWEkXpnn8dIe5jGvLzeLI8WCtvFZHLyI%3D]
  [4;36;1mSQL (0.1ms)[0m   [0;1mSET SQL_AUTO_IS_NULL=0[0m


Processing WidgetLayoutsController#load (for 127.0.0.1 at 2010-03-28 23:40:19) [GET]
  Parameters: {"name"=>"events_home", "authenticity_token"=>"4DR7+LOn/+yQWEkXpnn8dIe5jGvLzeLI8WCtvFZHLyI=", "layout_id"=>"3"}
  [4;35;1mTheme Load (0.2ms)[0m   [0mSELECT * FROM `themes` LIMIT 1[0m
  [4;36;1mNetwork Load (0.2ms)[0m   [0;1mSELECT * FROM `networks` LIMIT 1[0m
  [4;35;1mWidgetLayout Columns (1.1ms)[0m   [0mSHOW FIELDS FROM `widget_layouts`[0m
  [4;36;1mWidgetLayout Load (0.2ms)[0m   [0;1mSELECT * FROM `widget_layouts` WHERE (`widget_layouts`.`id` = 3) [0m
  [4;35;1mWidget Columns (1.1ms)[0m   [0mSHOW FIELDS FROM `widgets`[0m
  [4;36;1mWidget Load (0.2ms)[0m   [0;1mSELECT * FROM `widgets` WHERE (`widgets`.`id` = 3) [0m
Rendering template within layouts/widget
Rendering widgets/events_home
  [4;35;1mEvent Load (0.3ms)[0m   [0mSELECT id, name, start_time, end_time, location FROM `events` WHERE (start_time>now()) ORDER BY start_time ASC LIMIT 6[0m
  [4;36;1mUser Columns (2.0ms)[0m   [0;1mSHOW FIELDS FROM `users`[0m
  [4;35;1mUser Load (0.4ms)[0m   [0mSELECT * FROM `users` WHERE (`users`.`id` = 16) LIMIT 1[0m
Completed in 35ms (View: 12, DB: 6) | 200 OK [http://localhost/widget_layouts/load?layout_id=3&name=events_home&authenticity_token=4DR7%2BLOn%2F%2ByQWEkXpnn8dIe5jGvLzeLI8WCtvFZHLyI%3D]
  [4;36;1mSQL (0.1ms)[0m   [0;1mSET SQL_AUTO_IS_NULL=0[0m


Processing WidgetLayoutsController#load (for 127.0.0.1 at 2010-03-28 23:40:19) [GET]
  Parameters: {"name"=>"announcements_home", "authenticity_token"=>"4DR7+LOn/+yQWEkXpnn8dIe5jGvLzeLI8WCtvFZHLyI=", "layout_id"=>"4"}
  [4;35;1mTheme Load (0.2ms)[0m   [0mSELECT * FROM `themes` LIMIT 1[0m
  [4;36;1mNetwork Load (0.2ms)[0m   [0;1mSELECT * FROM `networks` LIMIT 1[0m
  [4;35;1mWidgetLayout Columns (1.1ms)[0m   [0mSHOW FIELDS FROM `widget_layouts`[0m
  [4;36;1mWidgetLayout Load (0.2ms)[0m   [0;1mSELECT * FROM `widget_layouts` WHERE (`widget_layouts`.`id` = 4) [0m
  [4;35;1mWidget Columns (1.1ms)[0m   [0mSHOW FIELDS FROM `widgets`[0m
  [4;36;1mWidget Load (0.2ms)[0m   [0;1mSELECT * FROM `widgets` WHERE (`widgets`.`id` = 4) [0m
Rendering template within layouts/widget
Rendering widgets/announcements_home
  [4;35;1mAnnouncement Load (0.2ms)[0m   [0mSELECT * FROM `announcements` ORDER BY created_at DESC LIMIT 4[0m
  [4;36;1mUser Columns (2.1ms)[0m   [0;1mSHOW FIELDS FROM `users`[0m
  [4;35;1mUser Load (0.4ms)[0m   [0mSELECT * FROM `users` WHERE (`users`.`id` = 16) LIMIT 1[0m
  [4;36;1mroles_users Columns (1.0ms)[0m   [0;1mSHOW FIELDS FROM `roles_users`[0m
  [4;35;1mRole Load (0.3ms)[0m   [0mSELECT * FROM `roles` INNER JOIN `roles_users` ON `roles`.id = `roles_users`.role_id WHERE (`roles_users`.user_id = 16 ) [0m
  [4;36;1mRole Columns (0.8ms)[0m   [0;1mSHOW FIELDS FROM `roles`[0m
Completed in 36ms (View: 12, DB: 8) | 200 OK [http://localhost/widget_layouts/load?layout_id=4&name=announcements_home&authenticity_token=4DR7%2BLOn%2F%2ByQWEkXpnn8dIe5jGvLzeLI8WCtvFZHLyI%3D]
  [4;35;1mSQL (0.1ms)[0m   [0mSET SQL_AUTO_IS_NULL=0[0m


Processing WidgetLayoutsController#load (for 127.0.0.1 at 2010-03-28 23:40:19) [GET]
  Parameters: {"name"=>"activity_feed_home", "authenticity_token"=>"4DR7+LOn/+yQWEkXpnn8dIe5jGvLzeLI8WCtvFZHLyI=", "layout_id"=>"5"}
  [4;36;1mTheme Load (0.2ms)[0m   [0;1mSELECT * FROM `themes` LIMIT 1[0m
  [4;35;1mNetwork Load (0.2ms)[0m   [0mSELECT * FROM `networks` LIMIT 1[0m
  [4;36;1mWidgetLayout Columns (1.1ms)[0m   [0;1mSHOW FIELDS FROM `widget_layouts`[0m
  [4;35;1mWidgetLayout Load (0.3ms)[0m   [0mSELECT * FROM `widget_layouts` WHERE (`widget_layouts`.`id` = 5) [0m
  [4;36;1mWidget Columns (1.7ms)[0m   [0;1mSHOW FIELDS FROM `widgets`[0m
  [4;35;1mWidget Load (0.3ms)[0m   [0mSELECT * FROM `widgets` WHERE (`widgets`.`id` = 5) [0m
Rendering template within layouts/widget
Rendering widgets/activity_feed_home
  [4;36;1mUser Columns (7.6ms)[0m   [0;1mSHOW FIELDS FROM `users`[0m
  [4;35;1mUser Load (1.6ms)[0m   [0mSELECT * FROM `users` WHERE (`users`.`id` = 16) LIMIT 1[0m
  [4;36;1mActivity Load (0.6ms)[0m   [0;1mSELECT * FROM `activities` ORDER BY created_at DESC LIMIT 8[0m
  [4;35;1mActivity Columns (14.0ms)[0m   [0mSHOW FIELDS FROM `activities`[0m
  [4;36;1mUser Load (3.9ms)[0m   [0;1mSELECT * FROM `users` WHERE (`users`.`id` IN (15,1,17,2,3,4)) [0m
  [4;35;1mGroup Columns (2.0ms)[0m   [0mSHOW FIELDS FROM `groups`[0m
  [4;36;1mGroup Load (0.7ms)[0m   [0;1mSELECT * FROM `groups` WHERE (`groups`.`id` = 1) [0m
  [4;35;1mUser Load (0.4ms)[0m   [0mSELECT * FROM `users` WHERE (`users`.`id` IN (15,4)) [0m
  [4;36;1mFriendship Columns (1.1ms)[0m   [0;1mSHOW FIELDS FROM `friendships`[0m
  [4;35;1mFriendship Load (0.3ms)[0m   [0mSELECT * FROM `friendships` WHERE (`friendships`.`id` IN (2,4)) [0m
  [4;36;1mStatusPost Columns (1.2ms)[0m   [0;1mSHOW FIELDS FROM `status_posts`[0m
  [4;35;1mStatusPost Load (0.4ms)[0m   [0mSELECT * FROM `status_posts` WHERE (`status_posts`.`id` IN (1,2)) [0m
  [4;36;1mPhoto Columns (2.1ms)[0m   [0;1mSHOW FIELDS FROM `photos`[0m
  [4;35;1mPhoto Load (0.4ms)[0m   [0mSELECT * FROM `photos` WHERE (`photos`.`id` = 31) [0m
  [4;36;1mPhoto Load (0.3ms)[0m   [0;1mSELECT id, user_id, filename, parent_id, created_at FROM `photos` WHERE (`photos`.`id` = 31) [0m
  [4;35;1mUser Load (4.8ms)[0m   [0mSELECT * FROM `users` WHERE (`users`.`id` = 1) [0m
  [4;36;1mCACHE (0.0ms)[0m   [0;1mSELECT * FROM `users` WHERE (`users`.`id` = 1) [0m
DEPRECATION WARNING: formatted_activities_url() has been deprecated. Please pass format to the standard activities_url method instead.. (called from _run_erb_app47views47widgets47activity_feed_home46html46erb_locals_include_friends_only_statuses_user_id at /Users/apple/Desktop/enginey/EngineY/app/views/widgets/activity_feed_home.html.erb:45)
DEPRECATION WARNING: formatted_activities_url() has been deprecated. Please pass format to the standard activities_url method instead.. (called from _run_erb_app47views47widgets47activity_feed_home46html46erb_locals_include_friends_only_statuses_user_id at /Users/apple/Desktop/enginey/EngineY/app/views/widgets/activity_feed_home.html.erb:46)
Completed in 310ms (View: 237, DB: 45) | 200 OK [http://localhost/widget_layouts/load?layout_id=5&name=activity_feed_home&authenticity_token=4DR7%2BLOn%2F%2ByQWEkXpnn8dIe5jGvLzeLI8WCtvFZHLyI%3D]
  [4;35;1mSQL (0.7ms)[0m   [0mSET SQL_AUTO_IS_NULL=0[0m


Processing WidgetLayoutsController#load (for 127.0.0.1 at 2010-03-28 23:40:20) [GET]
  Parameters: {"name"=>"job_posts_home", "authenticity_token"=>"4DR7+LOn/+yQWEkXpnn8dIe5jGvLzeLI8WCtvFZHLyI=", "layout_id"=>"9"}
  [4;36;1mTheme Load (0.2ms)[0m   [0;1mSELECT * FROM `themes` LIMIT 1[0m
  [4;35;1mNetwork Load (0.2ms)[0m   [0mSELECT * FROM `networks` LIMIT 1[0m
  [4;36;1mWidgetLayout Columns (1.1ms)[0m   [0;1mSHOW FIELDS FROM `widget_layouts`[0m
  [4;35;1mWidgetLayout Load (0.2ms)[0m   [0mSELECT * FROM `widget_layouts` WHERE (`widget_layouts`.`id` = 9) [0m
  [4;36;1mWidget Columns (1.1ms)[0m   [0;1mSHOW FIELDS FROM `widgets`[0m
  [4;35;1mWidget Load (0.2ms)[0m   [0mSELECT * FROM `widgets` WHERE (`widgets`.`id` = 9) [0m
Rendering template within layouts/widget
Rendering widgets/job_posts_home
  [4;36;1mJobPost Load (0.3ms)[0m   [0;1mSELECT id, job_title, company FROM `job_posts` ORDER BY created_at DESC LIMIT 5[0m
  [4;35;1mJobPost Columns (1.1ms)[0m   [0mSHOW FIELDS FROM `job_posts`[0m
  [4;36;1mUser Columns (2.0ms)[0m   [0;1mSHOW FIELDS FROM `users`[0m
  [4;35;1mUser Load (0.3ms)[0m   [0mSELECT * FROM `users` WHERE (`users`.`id` = 16) LIMIT 1[0m
Completed in 38ms (View: 15, DB: 7) | 200 OK [http://localhost/widget_layouts/load?layout_id=9&name=job_posts_home&authenticity_token=4DR7%2BLOn%2F%2ByQWEkXpnn8dIe5jGvLzeLI8WCtvFZHLyI%3D]
  [4;36;1mSQL (0.1ms)[0m   [0;1mSET SQL_AUTO_IS_NULL=0[0m


Processing WidgetLayoutsController#load (for 127.0.0.1 at 2010-03-28 23:40:20) [GET]
  Parameters: {"name"=>"forum_posts_home", "authenticity_token"=>"4DR7+LOn/+yQWEkXpnn8dIe5jGvLzeLI8WCtvFZHLyI=", "layout_id"=>"10"}
  [4;35;1mTheme Load (0.2ms)[0m   [0mSELECT * FROM `themes` LIMIT 1[0m
  [4;36;1mNetwork Load (0.2ms)[0m   [0;1mSELECT * FROM `networks` LIMIT 1[0m
  [4;35;1mWidgetLayout Columns (1.1ms)[0m   [0mSHOW FIELDS FROM `widget_layouts`[0m
  [4;36;1mWidgetLayout Load (0.2ms)[0m   [0;1mSELECT * FROM `widget_layouts` WHERE (`widget_layouts`.`id` = 10) [0m
  [4;35;1mWidget Columns (1.1ms)[0m   [0mSHOW FIELDS FROM `widgets`[0m
  [4;36;1mWidget Load (0.2ms)[0m   [0;1mSELECT * FROM `widgets` WHERE (`widgets`.`id` = 10) [0m
Rendering template within layouts/widget
Rendering widgets/forum_posts_home
  [4;35;1mForumPost Load (0.3ms)[0m   [0mSELECT id, title, body, user_id, created_at FROM `forum_posts` ORDER BY created_at DESC LIMIT 5[0m
  [4;36;1mForumPost Columns (1.0ms)[0m   [0;1mSHOW FIELDS FROM `forum_posts`[0m
  [4;35;1mUser Columns (2.2ms)[0m   [0mSHOW FIELDS FROM `users`[0m
  [4;36;1mUser Load (0.4ms)[0m   [0;1mSELECT * FROM `users` WHERE (`users`.`id` IN (1,3)) [0m
Completed in 47ms (View: 24, DB: 7) | 200 OK [http://localhost/widget_layouts/load?layout_id=10&name=forum_posts_home&authenticity_token=4DR7%2BLOn%2F%2ByQWEkXpnn8dIe5jGvLzeLI8WCtvFZHLyI%3D]
  [4;35;1mSQL (0.1ms)[0m   [0mSET SQL_AUTO_IS_NULL=0[0m


Processing WidgetLayoutsController#load (for 127.0.0.1 at 2010-03-28 23:40:20) [GET]
  Parameters: {"name"=>"photos_home", "authenticity_token"=>"4DR7+LOn/+yQWEkXpnn8dIe5jGvLzeLI8WCtvFZHLyI=", "layout_id"=>"11"}
  [4;36;1mTheme Load (0.2ms)[0m   [0;1mSELECT * FROM `themes` LIMIT 1[0m
  [4;35;1mNetwork Load (2.3ms)[0m   [0mSELECT * FROM `networks` LIMIT 1[0m
  [4;36;1mWidgetLayout Columns (1.2ms)[0m   [0;1mSHOW FIELDS FROM `widget_layouts`[0m
  [4;35;1mWidgetLayout Load (0.2ms)[0m   [0mSELECT * FROM `widget_layouts` WHERE (`widget_layouts`.`id` = 11) [0m
  [4;36;1mWidget Columns (1.1ms)[0m   [0;1mSHOW FIELDS FROM `widgets`[0m
  [4;35;1mWidget Load (0.2ms)[0m   [0mSELECT * FROM `widgets` WHERE (`widgets`.`id` = 11) [0m
Rendering template within layouts/widget
Rendering widgets/photos_home
  [4;36;1mPhoto Load (1.5ms)[0m   [0;1mSELECT * FROM `photos` WHERE (`photos`.`is_profile` IS NULL AND `photos`.`thumbnail` IS NULL) ORDER BY RAND() LIMIT 6[0m
  [4;35;1mPhoto Columns (1.2ms)[0m   [0mSHOW FIELDS FROM `photos`[0m
  [4;36;1mUser Columns (2.1ms)[0m   [0;1mSHOW FIELDS FROM `users`[0m
  [4;35;1mUser Load (0.4ms)[0m   [0mSELECT * FROM `users` WHERE (`users`.`id` = 16) LIMIT 1[0m
Completed in 148ms (View: 32, DB: 11) | 200 OK [http://localhost/widget_layouts/load?layout_id=11&name=photos_home&authenticity_token=4DR7%2BLOn%2F%2ByQWEkXpnn8dIe5jGvLzeLI8WCtvFZHLyI%3D]
  [4;36;1mSQL (0.1ms)[0m   [0;1mSET SQL_AUTO_IS_NULL=0[0m


Processing WidgetLayoutsController#load (for 127.0.0.1 at 2010-03-28 23:40:21) [GET]
  Parameters: {"name"=>"html_content_home", "authenticity_token"=>"4DR7+LOn/+yQWEkXpnn8dIe5jGvLzeLI8WCtvFZHLyI=", "layout_id"=>"12"}
  [4;35;1mTheme Load (0.2ms)[0m   [0mSELECT * FROM `themes` LIMIT 1[0m
  [4;36;1mNetwork Load (0.2ms)[0m   [0;1mSELECT * FROM `networks` LIMIT 1[0m
  [4;35;1mWidgetLayout Columns (1.1ms)[0m   [0mSHOW FIELDS FROM `widget_layouts`[0m
  [4;36;1mWidgetLayout Load (0.7ms)[0m   [0;1mSELECT * FROM `widget_layouts` WHERE (`widget_layouts`.`id` = 12) [0m
  [4;35;1mWidget Columns (1.1ms)[0m   [0mSHOW FIELDS FROM `widgets`[0m
  [4;36;1mWidget Load (0.2ms)[0m   [0;1mSELECT * FROM `widgets` WHERE (`widgets`.`id` = 12) [0m
  [4;35;1mHtmlContent Columns (0.8ms)[0m   [0mSHOW FIELDS FROM `html_contents`[0m
  [4;36;1mHtmlContent Load (0.2ms)[0m   [0;1mSELECT * FROM `html_contents` WHERE (`html_contents`.`id` = 1) [0m
Rendering template within layouts/widget
Rendering widgets/html_content_home
  [4;35;1mUser Columns (2.1ms)[0m   [0mSHOW FIELDS FROM `users`[0m
  [4;36;1mUser Load (0.4ms)[0m   [0;1mSELECT * FROM `users` WHERE (`users`.`id` = 16) LIMIT 1[0m
  [4;35;1mroles_users Columns (1.0ms)[0m   [0mSHOW FIELDS FROM `roles_users`[0m
  [4;36;1mRole Load (0.3ms)[0m   [0;1mSELECT * FROM `roles` INNER JOIN `roles_users` ON `roles`.id = `roles_users`.role_id WHERE (`roles_users`.user_id = 16 ) [0m
  [4;35;1mRole Columns (1.0ms)[0m   [0mSHOW FIELDS FROM `roles`[0m
Completed in 122ms (View: 92, DB: 9) | 200 OK [http://localhost/widget_layouts/load?layout_id=12&name=html_content_home&authenticity_token=4DR7%2BLOn%2F%2ByQWEkXpnn8dIe5jGvLzeLI8WCtvFZHLyI%3D]
